2018-00-09 15:18:45:INFO: Configure started
2018-00-09 15:18:45:INFO: I/O started
2018-00-09 15:18:45:INFO: cmdServer started
2018-00-09 15:31:03:INFO: Configure started
2018-00-09 15:31:03:INFO: I/O started
2018-00-09 15:31:03:INFO: cmdServer started
2018-00-09 15:32:38:INFO: Configure started
2018-00-09 15:32:38:INFO: I/O started
2018-00-09 15:32:38:INFO: cmdServer started
2018-00-09 15:35:00:INFO: Configure started
2018-00-09 15:35:00:INFO: I/O started
2018-00-09 15:35:00:INFO: cmdServer started
2018-00-09 15:35:41:INFO: Configure started
2018-00-09 15:35:41:INFO: I/O started
2018-00-09 15:35:41:INFO: cmdServer started
2018-00-09 15:36:59:INFO: Configure started
2018-00-09 15:36:59:INFO: I/O started
2018-00-09 15:36:59:INFO: cmdServer started
2018-00-09 15:37:00:DEBUG: writeReg error # 1writing register strobe
2018-00-09 15:37:00:DEBUG: writeReg error # 1writing register siren
2018-00-09 15:37:58:INFO: Configure started
2018-00-09 15:37:58:INFO: I/O started
2018-00-09 15:37:58:INFO: cmdServer started
2018-00-09 15:38:00:DEBUG: writeReg error # 1writing register strobe
2018-00-09 15:38:00:DEBUG: writeReg error # 1writing register siren
2018-00-09 17:17:18:INFO: Configure started
2018-00-09 17:17:18:INFO: I/O started
2018-00-09 17:17:18:INFO: cmdServer started
2018-00-09 17:20:15:INFO: Configure started
2018-00-09 17:20:15:INFO: I/O started
2018-00-09 17:20:15:INFO: cmdServer started
2018-00-09 19:34:41:INFO: Configure started
2018-00-09 19:34:41:INFO: I/O started
2018-00-09 19:34:41:INFO: cmdServer started
2018-00-09 19:34:55:INFO: Configure started
2018-00-09 19:34:55:INFO: I/O started
2018-00-09 19:34:55:INFO: cmdServer started
2018-00-09 19:36:34:INFO: Configure started
2018-00-09 19:36:34:INFO: I/O started
2018-00-09 19:36:34:INFO: cmdServer started
2018-00-09 19:37:51:INFO: Configure started
2018-00-09 19:37:51:INFO: I/O started
2018-00-09 19:37:51:INFO: cmdServer started
2018-00-09 19:39:11:INFO: Configure started
2018-00-09 19:39:11:INFO: I/O started
2018-00-09 19:39:11:INFO: cmdServer started
2018-00-09 19:40:34:INFO: Configure started
2018-00-09 19:40:34:INFO: I/O started
2018-00-09 19:40:34:INFO: cmdServer started
2018-00-09 19:43:11:INFO: Configure started
2018-00-09 19:43:11:INFO: I/O started
2018-00-09 19:43:11:INFO: cmdServer started
2018-00-09 19:46:53:INFO: Configure started
2018-00-09 19:46:53:INFO: I/O started
2018-00-09 19:46:53:INFO: cmdServer started
2018-00-09 19:46:53:DEBUG: writeReg error # 1writing register strobe
2018-00-09 19:50:19:INFO: Configure started
2018-00-09 19:50:19:INFO: I/O started
2018-00-09 19:50:19:INFO: cmdServer started
2018-00-09 19:53:01:INFO: Configure started
2018-00-09 19:53:01:INFO: I/O started
2018-00-09 19:53:01:INFO: cmdServer started
2018-00-09 19:53:36:INFO: Configure started
2018-00-09 19:53:36:INFO: I/O started
2018-00-09 19:53:36:INFO: cmdServer started
2018-00-09 20:02:17:INFO: Configure started
2018-00-09 20:02:17:INFO: I/O started
2018-00-09 20:02:17:INFO: cmdServer started
